2011-05-19 09:37:32 URL:http://profiles.friendster.com/10107345 [50772] -> "data/1/0/1/10107345/profile.html" [1]
2011-05-19 09:37:33 URL:http://photos-p.friendster.com/photos/54/37/10107345/1_433202833.jpg [36025/36025] -> "data/1/0/1/10107345/photos/54/37/10107345/1_433202833.jpg" [1]
2011-05-19 09:37:33 URL:http://www.friendster.com/viewalbums.php?uid=10107345&page=0 [39657] -> "data/1/0/1/10107345/albums_0.html" [1]
2011-05-19 09:37:33 URL:http://www.friendster.com/viewphotos.php?a=0&uid=10107345&page=0 [32916] -> "data/1/0/1/10107345/photos_0_0.html" [1]
2011-05-19 09:37:34 URL:http://photos-p.friendster.com/photos/54/37/10107345/1_213461845.jpg [25792/25792] -> "data/1/0/1/10107345/photos/54/37/10107345/1_213461845.jpg" [1]
2011-05-19 09:37:34 URL:http://photos-p.friendster.com/photos/54/37/10107345/1_238733388.jpg [31360/31360] -> "data/1/0/1/10107345/photos/54/37/10107345/1_238733388.jpg" [1]
2011-05-19 09:37:34 URL:http://photos-p.friendster.com/photos/54/37/10107345/1_283374070.jpg [25848/25848] -> "data/1/0/1/10107345/photos/54/37/10107345/1_283374070.jpg" [1]
2011-05-19 09:37:34 URL:http://photos-p.friendster.com/photos/54/37/10107345/1_295356199.jpg [41858/41858] -> "data/1/0/1/10107345/photos/54/37/10107345/1_295356199.jpg" [1]
2011-05-19 09:37:34 URL:http://photos-p.friendster.com/photos/54/37/10107345/1_357023670.jpg [22304/22304] -> "data/1/0/1/10107345/photos/54/37/10107345/1_357023670.jpg" [1]
2011-05-19 09:37:35 URL:http://photos-p.friendster.com/photos/54/37/10107345/1_362576625.jpg [21536/21536] -> "data/1/0/1/10107345/photos/54/37/10107345/1_362576625.jpg" [1]
2011-05-19 09:37:35 URL:http://photos-p.friendster.com/photos/54/37/10107345/1_366750450.jpg [29463/29463] -> "data/1/0/1/10107345/photos/54/37/10107345/1_366750450.jpg" [1]
2011-05-19 09:37:35 URL:http://photos-p.friendster.com/photos/54/37/10107345/1_437944851.jpg [25857/25857] -> "data/1/0/1/10107345/photos/54/37/10107345/1_437944851.jpg" [1]
2011-05-19 09:37:35 URL:http://photos-p.friendster.com/photos/54/37/10107345/1_505853983.jpg [22234/22234] -> "data/1/0/1/10107345/photos/54/37/10107345/1_505853983.jpg" [1]
2011-05-19 09:37:35 URL:http://photos-p.friendster.com/photos/54/37/10107345/1_551220836.jpg [31437/31437] -> "data/1/0/1/10107345/photos/54/37/10107345/1_551220836.jpg" [1]
2011-05-19 09:37:36 URL:http://photos-p.friendster.com/photos/54/37/10107345/1_599529890.jpg [34241/34241] -> "data/1/0/1/10107345/photos/54/37/10107345/1_599529890.jpg" [1]
2011-05-19 09:37:36 URL:http://photos-p.friendster.com/photos/54/37/10107345/1_607765281.jpg [31455/31455] -> "data/1/0/1/10107345/photos/54/37/10107345/1_607765281.jpg" [1]
2011-05-19 09:37:36 URL:http://photos-p.friendster.com/photos/54/37/10107345/1_685439466.jpg [4724/4724] -> "data/1/0/1/10107345/photos/54/37/10107345/1_685439466.jpg" [1]
2011-05-19 09:37:36 URL:http://photos-p.friendster.com/photos/54/37/10107345/1_702468429.jpg [27823/27823] -> "data/1/0/1/10107345/photos/54/37/10107345/1_702468429.jpg" [1]
2011-05-19 09:37:37 URL:http://photos-p.friendster.com/photos/54/37/10107345/1_708813775.jpg [31099/31099] -> "data/1/0/1/10107345/photos/54/37/10107345/1_708813775.jpg" [1]
2011-05-19 09:37:37 URL:http://photos-p.friendster.com/photos/54/37/10107345/1_767187261.jpg [29996/29996] -> "data/1/0/1/10107345/photos/54/37/10107345/1_767187261.jpg" [1]
2011-05-19 09:37:37 URL:http://photos-p.friendster.com/photos/54/37/10107345/1_770039836.jpg [33079/33079] -> "data/1/0/1/10107345/photos/54/37/10107345/1_770039836.jpg" [1]
2011-05-19 09:37:37 URL:http://photos-p.friendster.com/photos/54/37/10107345/1_828575624.jpg [31207/31207] -> "data/1/0/1/10107345/photos/54/37/10107345/1_828575624.jpg" [1]
2011-05-19 09:37:37 URL:http://photos-p.friendster.com/photos/54/37/10107345/1_883537885.jpg [29042/29042] -> "data/1/0/1/10107345/photos/54/37/10107345/1_883537885.jpg" [1]
2011-05-19 09:37:38 URL:http://photos-p.friendster.com/photos/54/37/10107345/1_965668854.jpg [27862/27862] -> "data/1/0/1/10107345/photos/54/37/10107345/1_965668854.jpg" [1]
2011-05-19 09:37:47 URL:http://www.friendster.com/viewphotos.php?a=0&uid=10107345&page=1 [32994] -> "data/1/0/1/10107345/photos_0_1.html" [1]
2011-05-19 09:37:47 URL:http://photos-p.friendster.com/photos/54/37/10107345/0_130617573.jpg [25939/25939] -> "data/1/0/1/10107345/photos/54/37/10107345/0_130617573.jpg" [1]
2011-05-19 09:37:47 URL:http://photos-p.friendster.com/photos/54/37/10107345/0_590636572.jpg [24354/24354] -> "data/1/0/1/10107345/photos/54/37/10107345/0_590636572.jpg" [1]
2011-05-19 09:37:47 URL:http://photos-p.friendster.com/photos/54/37/10107345/0_648808502.jpg [23999/23999] -> "data/1/0/1/10107345/photos/54/37/10107345/0_648808502.jpg" [1]
2011-05-19 09:37:48 URL:http://photos-p.friendster.com/photos/54/37/10107345/0_677050113.jpg [30258/30258] -> "data/1/0/1/10107345/photos/54/37/10107345/0_677050113.jpg" [1]
2011-05-19 09:37:48 URL:http://photos-p.friendster.com/photos/54/37/10107345/0_726197864.jpg [30123/30123] -> "data/1/0/1/10107345/photos/54/37/10107345/0_726197864.jpg" [1]
2011-05-19 09:37:48 URL:http://photos-p.friendster.com/photos/54/37/10107345/0_943356934.jpg [34798/34798] -> "data/1/0/1/10107345/photos/54/37/10107345/0_943356934.jpg" [1]
2011-05-19 09:37:48 URL:http://photos-p.friendster.com/photos/54/37/10107345/1_108583115.jpg [38614/38614] -> "data/1/0/1/10107345/photos/54/37/10107345/1_108583115.jpg" [1]
2011-05-19 09:37:48 URL:http://photos-p.friendster.com/photos/54/37/10107345/1_255168618.jpg [36494/36494] -> "data/1/0/1/10107345/photos/54/37/10107345/1_255168618.jpg" [1]
2011-05-19 09:37:48 URL:http://photos-p.friendster.com/photos/54/37/10107345/1_430695060.jpg [33064/33064] -> "data/1/0/1/10107345/photos/54/37/10107345/1_430695060.jpg" [1]
2011-05-19 09:37:49 URL:http://photos-p.friendster.com/photos/54/37/10107345/1_431868236.jpg [41707/41707] -> "data/1/0/1/10107345/photos/54/37/10107345/1_431868236.jpg" [1]
2011-05-19 09:37:49 URL:http://photos-p.friendster.com/photos/54/37/10107345/1_444172441.jpg [40685/40685] -> "data/1/0/1/10107345/photos/54/37/10107345/1_444172441.jpg" [1]
2011-05-19 09:37:49 URL:http://photos-p.friendster.com/photos/54/37/10107345/1_515578873.jpg [29361/29361] -> "data/1/0/1/10107345/photos/54/37/10107345/1_515578873.jpg" [1]
2011-05-19 09:37:49 URL:http://photos-p.friendster.com/photos/54/37/10107345/1_582062469.jpg [26252/26252] -> "data/1/0/1/10107345/photos/54/37/10107345/1_582062469.jpg" [1]
2011-05-19 09:37:49 URL:http://photos-p.friendster.com/photos/54/37/10107345/1_605709007.jpg [36605/36605] -> "data/1/0/1/10107345/photos/54/37/10107345/1_605709007.jpg" [1]
2011-05-19 09:37:50 URL:http://photos-p.friendster.com/photos/54/37/10107345/1_792248728.jpg [43861/43861] -> "data/1/0/1/10107345/photos/54/37/10107345/1_792248728.jpg" [1]
2011-05-19 09:37:50 URL:http://photos-p.friendster.com/photos/54/37/10107345/1_829480193.jpg [26252/26252] -> "data/1/0/1/10107345/photos/54/37/10107345/1_829480193.jpg" [1]
2011-05-19 09:37:50 URL:http://photos-p.friendster.com/photos/54/37/10107345/1_884712774.jpg [29179/29179] -> "data/1/0/1/10107345/photos/54/37/10107345/1_884712774.jpg" [1]
2011-05-19 09:37:50 URL:http://photos-p.friendster.com/photos/54/37/10107345/1_943901219.jpg [28150/28150] -> "data/1/0/1/10107345/photos/54/37/10107345/1_943901219.jpg" [1]
2011-05-19 09:37:51 URL:http://photos-p.friendster.com/photos/54/37/10107345/1_954943247.jpg [76506/76506] -> "data/1/0/1/10107345/photos/54/37/10107345/1_954943247.jpg" [1]
2011-05-19 09:37:51 URL:http://photos-p.friendster.com/photos/54/37/10107345/1_968062236.jpg [48518/48518] -> "data/1/0/1/10107345/photos/54/37/10107345/1_968062236.jpg" [1]
2011-05-19 09:37:52 URL:http://www.friendster.com/viewphotos.php?a=0&uid=10107345&page=2 [33017] -> "data/1/0/1/10107345/photos_0_2.html" [1]
2011-05-19 09:37:52 URL:http://photos-p.friendster.com/photos/54/37/10107345/0_974228078.jpg [32573/32573] -> "data/1/0/1/10107345/photos/54/37/10107345/0_974228078.jpg" [1]
2011-05-19 09:37:52 URL:http://photos-p.friendster.com/photos/54/37/10107345/27876273553808.jpg [2566/2566] -> "data/1/0/1/10107345/photos/54/37/10107345/27876273553808.jpg" [1]
2011-05-19 09:37:52 URL:http://photos-p.friendster.com/photos/54/37/10107345/27876311923630.jpg [3067/3067] -> "data/1/0/1/10107345/photos/54/37/10107345/27876311923630.jpg" [1]
2011-05-19 09:37:52 URL:http://photos-p.friendster.com/photos/54/37/10107345/27876376255577.jpg [3213/3213] -> "data/1/0/1/10107345/photos/54/37/10107345/27876376255577.jpg" [1]
2011-05-19 09:37:52 URL:http://photos-p.friendster.com/photos/54/37/10107345/2902111856360.jpg [30355/30355] -> "data/1/0/1/10107345/photos/54/37/10107345/2902111856360.jpg" [1]
2011-05-19 09:37:53 URL:http://photos-p.friendster.com/photos/54/37/10107345/29021152920612.jpg [24644/24644] -> "data/1/0/1/10107345/photos/54/37/10107345/29021152920612.jpg" [1]
2011-05-19 09:37:53 URL:http://photos-p.friendster.com/photos/54/37/10107345/29021195038486.jpg [23052/23052] -> "data/1/0/1/10107345/photos/54/37/10107345/29021195038486.jpg" [1]
2011-05-19 09:37:53 URL:http://photos-p.friendster.com/photos/54/37/10107345/29021284026139.jpg [20468/20468] -> "data/1/0/1/10107345/photos/54/37/10107345/29021284026139.jpg" [1]
2011-05-19 09:37:53 URL:http://photos-p.friendster.com/photos/54/37/10107345/29694093818804.jpg [21555/21555] -> "data/1/0/1/10107345/photos/54/37/10107345/29694093818804.jpg" [1]
2011-05-19 09:37:53 URL:http://photos-p.friendster.com/photos/54/37/10107345/29694171935632.jpg [24572/24572] -> "data/1/0/1/10107345/photos/54/37/10107345/29694171935632.jpg" [1]
2011-05-19 09:37:53 URL:http://photos-p.friendster.com/photos/54/37/10107345/29694234123146.jpg [29847/29847] -> "data/1/0/1/10107345/photos/54/37/10107345/29694234123146.jpg" [1]
2011-05-19 09:37:54 URL:http://photos-p.friendster.com/photos/54/37/10107345/2969433004076.jpg [31374/31374] -> "data/1/0/1/10107345/photos/54/37/10107345/2969433004076.jpg" [1]
2011-05-19 09:37:54 URL:http://photos-p.friendster.com/photos/54/37/10107345/35369669029915.jpg [29947/29947] -> "data/1/0/1/10107345/photos/54/37/10107345/35369669029915.jpg" [1]
2011-05-19 09:37:54 URL:http://photos-p.friendster.com/photos/54/37/10107345/35369687816309.jpg [32014/32014] -> "data/1/0/1/10107345/photos/54/37/10107345/35369687816309.jpg" [1]
2011-05-19 09:37:54 URL:http://photos-p.friendster.com/photos/54/37/10107345/35369707643511.jpg [32702/32702] -> "data/1/0/1/10107345/photos/54/37/10107345/35369707643511.jpg" [1]
2011-05-19 09:37:54 URL:http://photos-p.friendster.com/photos/54/37/10107345/35369717418624.jpg [28831/28831] -> "data/1/0/1/10107345/photos/54/37/10107345/35369717418624.jpg" [1]
2011-05-19 09:37:54 URL:http://photos-p.friendster.com/photos/54/37/10107345/35369730034501.jpg [24783/24783] -> "data/1/0/1/10107345/photos/54/37/10107345/35369730034501.jpg" [1]
2011-05-19 09:37:55 URL:http://photos-p.friendster.com/photos/54/37/10107345/35369742818716.jpg [29657/29657] -> "data/1/0/1/10107345/photos/54/37/10107345/35369742818716.jpg" [1]
2011-05-19 09:37:55 URL:http://photos-p.friendster.com/photos/54/37/10107345/35369759625104.jpg [31365/31365] -> "data/1/0/1/10107345/photos/54/37/10107345/35369759625104.jpg" [1]
2011-05-19 09:37:55 URL:http://photos-p.friendster.com/photos/54/37/10107345/38102810322714.jpg [17055/17055] -> "data/1/0/1/10107345/photos/54/37/10107345/38102810322714.jpg" [1]
2011-05-19 09:37:55 URL:http://www.friendster.com/viewphotos.php?a=0&uid=10107345&page=3 [33088] -> "data/1/0/1/10107345/photos_0_3.html" [1]
2011-05-19 09:37:56 URL:http://photos-p.friendster.com/photos/46/16/8516164/23280139328066.jpg [22227/22227] -> "data/1/0/1/10107345/photos/46/16/8516164/23280139328066.jpg" [1]
2011-05-19 09:37:56 URL:http://photos-p.friendster.com/photos/54/37/10107345/14287745929497.jpg [4193/4193] -> "data/1/0/1/10107345/photos/54/37/10107345/14287745929497.jpg" [1]
2011-05-19 09:37:56 URL:http://photos-p.friendster.com/photos/54/37/10107345/16678684960126.jpg [26652/26652] -> "data/1/0/1/10107345/photos/54/37/10107345/16678684960126.jpg" [1]
2011-05-19 09:37:56 URL:http://photos-p.friendster.com/photos/54/37/10107345/16678760656346.jpg [26853/26853] -> "data/1/0/1/10107345/photos/54/37/10107345/16678760656346.jpg" [1]
2011-05-19 09:37:56 URL:http://photos-p.friendster.com/photos/54/37/10107345/20459111632250.jpg [7762/7762] -> "data/1/0/1/10107345/photos/54/37/10107345/20459111632250.jpg" [1]
2011-05-19 09:37:56 URL:http://photos-p.friendster.com/photos/54/37/10107345/20459139859562.jpg [7353/7353] -> "data/1/0/1/10107345/photos/54/37/10107345/20459139859562.jpg" [1]
2011-05-19 09:37:57 URL:http://photos-p.friendster.com/photos/54/37/10107345/22374110312233.jpg [23728/23728] -> "data/1/0/1/10107345/photos/54/37/10107345/22374110312233.jpg" [1]
2011-05-19 09:37:57 URL:http://photos-p.friendster.com/photos/54/37/10107345/2237421835009.jpg [23762/23762] -> "data/1/0/1/10107345/photos/54/37/10107345/2237421835009.jpg" [1]
2011-05-19 09:37:57 URL:http://photos-p.friendster.com/photos/54/37/10107345/22374283323795.jpg [25433/25433] -> "data/1/0/1/10107345/photos/54/37/10107345/22374283323795.jpg" [1]
2011-05-19 09:37:58 URL:http://photos-p.friendster.com/photos/54/37/10107345/22374345558713.jpg [26628/26628] -> "data/1/0/1/10107345/photos/54/37/10107345/22374345558713.jpg" [1]
2011-05-19 09:37:58 URL:http://photos-p.friendster.com/photos/54/37/10107345/22374419717804.jpg [25082/25082] -> "data/1/0/1/10107345/photos/54/37/10107345/22374419717804.jpg" [1]
2011-05-19 09:37:58 URL:http://photos-p.friendster.com/photos/54/37/10107345/24120289125235.jpg [15726/15726] -> "data/1/0/1/10107345/photos/54/37/10107345/24120289125235.jpg" [1]
2011-05-19 09:37:58 URL:http://photos-p.friendster.com/photos/54/37/10107345/24335046010225.jpg [25506/25506] -> "data/1/0/1/10107345/photos/54/37/10107345/24335046010225.jpg" [1]
2011-05-19 09:37:58 URL:http://photos-p.friendster.com/photos/54/37/10107345/24335413026459.jpg [23760/23760] -> "data/1/0/1/10107345/photos/54/37/10107345/24335413026459.jpg" [1]
2011-05-19 09:37:58 URL:http://photos-p.friendster.com/photos/54/37/10107345/24335523134254.jpg [28815/28815] -> "data/1/0/1/10107345/photos/54/37/10107345/24335523134254.jpg" [1]
2011-05-19 09:37:59 URL:http://photos-p.friendster.com/photos/54/37/10107345/4703160864253.jpg [16328/16328] -> "data/1/0/1/10107345/photos/54/37/10107345/4703160864253.jpg" [1]
2011-05-19 09:37:59 URL:http://photos-p.friendster.com/photos/54/37/10107345/7296464737864.jpg [8982/8982] -> "data/1/0/1/10107345/photos/54/37/10107345/7296464737864.jpg" [1]
2011-05-19 09:37:59 URL:http://photos-p.friendster.com/photos/54/37/10107345/7297051246037.jpg [8851/8851] -> "data/1/0/1/10107345/photos/54/37/10107345/7297051246037.jpg" [1]
2011-05-19 09:37:59 URL:http://photos-p.friendster.com/photos/54/37/10107345/7297062339600.jpg [7789/7789] -> "data/1/0/1/10107345/photos/54/37/10107345/7297062339600.jpg" [1]
2011-05-19 09:37:59 URL:http://photos-p.friendster.com/photos/54/37/10107345/7640645323301.jpg [8225/8225] -> "data/1/0/1/10107345/photos/54/37/10107345/7640645323301.jpg" [1]
2011-05-19 09:37:59 URL:http://www.friendster.com/viewphotos.php?a=0&uid=10107345&page=4 [28311] -> "data/1/0/1/10107345/photos_0_4.html" [1]
http://photos-p.friendster.com/photos/73/04/11524037/1_677503212.jpg:
2011-05-19 09:38:00 ERROR 404: Not Found.
2011-05-19 09:38:00 URL:http://www.friendster.com/viewphotos.php?a=160878840&uid=10107345&page=0 [32695] -> "data/1/0/1/10107345/photos_160878840_0.html" [1]
2011-05-19 09:38:01 URL:http://photos-p.friendster.com/photos/54/37/10107345/1_115358503.jpg [29436/29436] -> "data/1/0/1/10107345/photos/54/37/10107345/1_115358503.jpg" [1]
2011-05-19 09:38:01 URL:http://photos-p.friendster.com/photos/54/37/10107345/1_182832462.jpg [19022/19022] -> "data/1/0/1/10107345/photos/54/37/10107345/1_182832462.jpg" [1]
2011-05-19 09:38:01 URL:http://photos-p.friendster.com/photos/54/37/10107345/1_256432131.jpg [37896/37896] -> "data/1/0/1/10107345/photos/54/37/10107345/1_256432131.jpg" [1]
2011-05-19 09:38:01 URL:http://photos-p.friendster.com/photos/54/37/10107345/1_275406625.jpg [34093/34093] -> "data/1/0/1/10107345/photos/54/37/10107345/1_275406625.jpg" [1]
2011-05-19 09:38:01 URL:http://photos-p.friendster.com/photos/54/37/10107345/1_338686386.jpg [33095/33095] -> "data/1/0/1/10107345/photos/54/37/10107345/1_338686386.jpg" [1]
2011-05-19 09:38:02 URL:http://photos-p.friendster.com/photos/54/37/10107345/1_495898417.jpg [27238/27238] -> "data/1/0/1/10107345/photos/54/37/10107345/1_495898417.jpg" [1]
2011-05-19 09:38:02 URL:http://photos-p.friendster.com/photos/54/37/10107345/1_508696995.jpg [32513/32513] -> "data/1/0/1/10107345/photos/54/37/10107345/1_508696995.jpg" [1]
2011-05-19 09:38:02 URL:http://photos-p.friendster.com/photos/54/37/10107345/1_533198987.jpg [39162/39162] -> "data/1/0/1/10107345/photos/54/37/10107345/1_533198987.jpg" [1]
2011-05-19 09:38:02 URL:http://photos-p.friendster.com/photos/54/37/10107345/1_544331760.jpg [39190/39190] -> "data/1/0/1/10107345/photos/54/37/10107345/1_544331760.jpg" [1]
2011-05-19 09:38:03 URL:http://photos-p.friendster.com/photos/54/37/10107345/1_559676043.jpg [32169/32169] -> "data/1/0/1/10107345/photos/54/37/10107345/1_559676043.jpg" [1]
2011-05-19 09:38:03 URL:http://photos-p.friendster.com/photos/54/37/10107345/1_568792068.jpg [33642/33642] -> "data/1/0/1/10107345/photos/54/37/10107345/1_568792068.jpg" [1]
2011-05-19 09:38:03 URL:http://photos-p.friendster.com/photos/54/37/10107345/1_592321242.jpg [35616/35616] -> "data/1/0/1/10107345/photos/54/37/10107345/1_592321242.jpg" [1]
2011-05-19 09:38:03 URL:http://photos-p.friendster.com/photos/54/37/10107345/1_614853120.jpg [32994/32994] -> "data/1/0/1/10107345/photos/54/37/10107345/1_614853120.jpg" [1]
2011-05-19 09:38:03 URL:http://photos-p.friendster.com/photos/54/37/10107345/1_645312370.jpg [33065/33065] -> "data/1/0/1/10107345/photos/54/37/10107345/1_645312370.jpg" [1]
2011-05-19 09:38:04 URL:http://photos-p.friendster.com/photos/54/37/10107345/1_657566499.jpg [27686/27686] -> "data/1/0/1/10107345/photos/54/37/10107345/1_657566499.jpg" [1]
2011-05-19 09:38:04 URL:http://photos-p.friendster.com/photos/54/37/10107345/1_715218279.jpg [24601/24601] -> "data/1/0/1/10107345/photos/54/37/10107345/1_715218279.jpg" [1]
2011-05-19 09:38:04 URL:http://photos-p.friendster.com/photos/54/37/10107345/1_764709624.jpg [36873/36873] -> "data/1/0/1/10107345/photos/54/37/10107345/1_764709624.jpg" [1]
2011-05-19 09:38:04 URL:http://photos-p.friendster.com/photos/54/37/10107345/1_798082930.jpg [31209/31209] -> "data/1/0/1/10107345/photos/54/37/10107345/1_798082930.jpg" [1]
2011-05-19 09:38:04 URL:http://photos-p.friendster.com/photos/54/37/10107345/1_856960774.jpg [30670/30670] -> "data/1/0/1/10107345/photos/54/37/10107345/1_856960774.jpg" [1]
2011-05-19 09:38:05 URL:http://photos-p.friendster.com/photos/54/37/10107345/1_866141982.jpg [33166/33166] -> "data/1/0/1/10107345/photos/54/37/10107345/1_866141982.jpg" [1]
2011-05-19 09:38:05 URL:http://www.friendster.com/viewphotos.php?a=160878840&uid=10107345&page=1 [31726] -> "data/1/0/1/10107345/photos_160878840_1.html" [1]
2011-05-19 09:38:05 URL:http://photos-p.friendster.com/photos/54/37/10107345/1_307957464.jpg [28268/28268] -> "data/1/0/1/10107345/photos/54/37/10107345/1_307957464.jpg" [1]
2011-05-19 09:38:06 URL:http://photos-p.friendster.com/photos/54/37/10107345/1_355379482.jpg [35671/35671] -> "data/1/0/1/10107345/photos/54/37/10107345/1_355379482.jpg" [1]
2011-05-19 09:38:06 URL:http://photos-p.friendster.com/photos/54/37/10107345/1_360273184.jpg [26887/26887] -> "data/1/0/1/10107345/photos/54/37/10107345/1_360273184.jpg" [1]
2011-05-19 09:38:06 URL:http://photos-p.friendster.com/photos/54/37/10107345/1_480885760.jpg [29379/29379] -> "data/1/0/1/10107345/photos/54/37/10107345/1_480885760.jpg" [1]
2011-05-19 09:38:07 URL:http://photos-p.friendster.com/photos/54/37/10107345/1_509591466.jpg [30670/30670] -> "data/1/0/1/10107345/photos/54/37/10107345/1_509591466.jpg" [1]
2011-05-19 09:38:07 URL:http://photos-p.friendster.com/photos/54/37/10107345/1_522880193.jpg [32169/32169] -> "data/1/0/1/10107345/photos/54/37/10107345/1_522880193.jpg" [1]
2011-05-19 09:38:07 URL:http://photos-p.friendster.com/photos/54/37/10107345/1_577772179.jpg [24225/24225] -> "data/1/0/1/10107345/photos/54/37/10107345/1_577772179.jpg" [1]
2011-05-19 09:38:07 URL:http://photos-p.friendster.com/photos/54/37/10107345/1_588437281.jpg [29433/29433] -> "data/1/0/1/10107345/photos/54/37/10107345/1_588437281.jpg" [1]
2011-05-19 09:38:07 URL:http://photos-p.friendster.com/photos/54/37/10107345/1_645162671.jpg [30280/30280] -> "data/1/0/1/10107345/photos/54/37/10107345/1_645162671.jpg" [1]
2011-05-19 09:38:08 URL:http://photos-p.friendster.com/photos/54/37/10107345/1_761724151.jpg [46958/46958] -> "data/1/0/1/10107345/photos/54/37/10107345/1_761724151.jpg" [1]
2011-05-19 09:38:08 URL:http://photos-p.friendster.com/photos/54/37/10107345/1_794202203.jpg [37157/37157] -> "data/1/0/1/10107345/photos/54/37/10107345/1_794202203.jpg" [1]
2011-05-19 09:38:08 URL:http://photos-p.friendster.com/photos/54/37/10107345/1_815233305.jpg [40584/40584] -> "data/1/0/1/10107345/photos/54/37/10107345/1_815233305.jpg" [1]
2011-05-19 09:38:09 URL:http://photos-p.friendster.com/photos/54/37/10107345/1_818524793.jpg [34815/34815] -> "data/1/0/1/10107345/photos/54/37/10107345/1_818524793.jpg" [1]
2011-05-19 09:38:09 URL:http://photos-p.friendster.com/photos/54/37/10107345/1_826767382.jpg [30203/30203] -> "data/1/0/1/10107345/photos/54/37/10107345/1_826767382.jpg" [1]
2011-05-19 09:38:09 URL:http://photos-p.friendster.com/photos/54/37/10107345/1_912165917.jpg [40470/40470] -> "data/1/0/1/10107345/photos/54/37/10107345/1_912165917.jpg" [1]
2011-05-19 09:38:09 URL:http://photos-p.friendster.com/photos/54/37/10107345/1_990020586.jpg [29433/29433] -> "data/1/0/1/10107345/photos/54/37/10107345/1_990020586.jpg" [1]
2011-05-19 09:38:09 URL:http://www.friendster.com/viewphotos.php?a=199504895&uid=10107345&page=0 [31754] -> "data/1/0/1/10107345/photos_199504895_0.html" [1]
2011-05-19 09:38:10 URL:http://photos-p.friendster.com/photos/54/37/10107345/1_140305201.jpg [32908/32908] -> "data/1/0/1/10107345/photos/54/37/10107345/1_140305201.jpg" [1]
2011-05-19 09:38:10 URL:http://photos-p.friendster.com/photos/54/37/10107345/1_189644496.jpg [29916/29916] -> "data/1/0/1/10107345/photos/54/37/10107345/1_189644496.jpg" [1]
2011-05-19 09:38:10 URL:http://photos-p.friendster.com/photos/54/37/10107345/1_216577718.jpg [31120/31120] -> "data/1/0/1/10107345/photos/54/37/10107345/1_216577718.jpg" [1]
2011-05-19 09:38:10 URL:http://photos-p.friendster.com/photos/54/37/10107345/1_226236388.jpg [29855/29855] -> "data/1/0/1/10107345/photos/54/37/10107345/1_226236388.jpg" [1]
2011-05-19 09:38:10 URL:http://photos-p.friendster.com/photos/54/37/10107345/1_239367383.jpg [33412/33412] -> "data/1/0/1/10107345/photos/54/37/10107345/1_239367383.jpg" [1]
2011-05-19 09:38:11 URL:http://photos-p.friendster.com/photos/54/37/10107345/1_272015446.jpg [35953/35953] -> "data/1/0/1/10107345/photos/54/37/10107345/1_272015446.jpg" [1]
2011-05-19 09:38:11 URL:http://photos-p.friendster.com/photos/54/37/10107345/1_305138506.jpg [35590/35590] -> "data/1/0/1/10107345/photos/54/37/10107345/1_305138506.jpg" [1]
2011-05-19 09:38:11 URL:http://photos-p.friendster.com/photos/54/37/10107345/1_322690878.jpg [32471/32471] -> "data/1/0/1/10107345/photos/54/37/10107345/1_322690878.jpg" [1]
2011-05-19 09:38:11 URL:http://photos-p.friendster.com/photos/54/37/10107345/1_329002634.jpg [32433/32433] -> "data/1/0/1/10107345/photos/54/37/10107345/1_329002634.jpg" [1]
2011-05-19 09:38:11 URL:http://photos-p.friendster.com/photos/54/37/10107345/1_412456089.jpg [32308/32308] -> "data/1/0/1/10107345/photos/54/37/10107345/1_412456089.jpg" [1]
2011-05-19 09:38:12 URL:http://photos-p.friendster.com/photos/54/37/10107345/1_431097404.jpg [34966/34966] -> "data/1/0/1/10107345/photos/54/37/10107345/1_431097404.jpg" [1]
2011-05-19 09:38:12 URL:http://photos-p.friendster.com/photos/54/37/10107345/1_459533265.jpg [26448/26448] -> "data/1/0/1/10107345/photos/54/37/10107345/1_459533265.jpg" [1]
2011-05-19 09:38:12 URL:http://photos-p.friendster.com/photos/54/37/10107345/1_488396456.jpg [30012/30012] -> "data/1/0/1/10107345/photos/54/37/10107345/1_488396456.jpg" [1]
2011-05-19 09:38:12 URL:http://photos-p.friendster.com/photos/54/37/10107345/1_556684624.jpg [34981/34981] -> "data/1/0/1/10107345/photos/54/37/10107345/1_556684624.jpg" [1]
2011-05-19 09:38:12 URL:http://photos-p.friendster.com/photos/54/37/10107345/1_581319684.jpg [31457/31457] -> "data/1/0/1/10107345/photos/54/37/10107345/1_581319684.jpg" [1]
2011-05-19 09:38:13 URL:http://photos-p.friendster.com/photos/54/37/10107345/1_718999467.jpg [29952/29952] -> "data/1/0/1/10107345/photos/54/37/10107345/1_718999467.jpg" [1]
2011-05-19 09:38:13 URL:http://photos-p.friendster.com/photos/54/37/10107345/1_880548262.jpg [31243/31243] -> "data/1/0/1/10107345/photos/54/37/10107345/1_880548262.jpg" [1]
2011-05-19 09:38:13 URL:http://photos-p.friendster.com/photos/54/37/10107345/1_972558468.jpg [32536/32536] -> "data/1/0/1/10107345/photos/54/37/10107345/1_972558468.jpg" [1]
2011-05-19 09:38:13 URL:http://www.friendster.com/viewphotos.php?a=560758670&uid=10107345&page=0 [32673] -> "data/1/0/1/10107345/photos_560758670_0.html" [1]
2011-05-19 09:38:14 URL:http://photos-p.friendster.com/photos/54/37/10107345/1_166789082.jpg [32967/32967] -> "data/1/0/1/10107345/photos/54/37/10107345/1_166789082.jpg" [1]
2011-05-19 09:38:14 URL:http://photos-p.friendster.com/photos/54/37/10107345/1_177155998.jpg [32967/32967] -> "data/1/0/1/10107345/photos/54/37/10107345/1_177155998.jpg" [1]
2011-05-19 09:38:14 URL:http://photos-p.friendster.com/photos/54/37/10107345/1_257524368.jpg [31349/31349] -> "data/1/0/1/10107345/photos/54/37/10107345/1_257524368.jpg" [1]
2011-05-19 09:38:15 URL:http://photos-p.friendster.com/photos/54/37/10107345/1_280975086.jpg [32884/32884] -> "data/1/0/1/10107345/photos/54/37/10107345/1_280975086.jpg" [1]
2011-05-19 09:38:15 URL:http://photos-p.friendster.com/photos/54/37/10107345/1_287387789.jpg [31349/31349] -> "data/1/0/1/10107345/photos/54/37/10107345/1_287387789.jpg" [1]
2011-05-19 09:38:16 URL:http://photos-p.friendster.com/photos/54/37/10107345/1_317007590.jpg [44832/44832] -> "data/1/0/1/10107345/photos/54/37/10107345/1_317007590.jpg" [1]
2011-05-19 09:38:17 URL:http://photos-p.friendster.com/photos/54/37/10107345/1_327053826.jpg [28562/28562] -> "data/1/0/1/10107345/photos/54/37/10107345/1_327053826.jpg" [1]
2011-05-19 09:38:17 URL:http://photos-p.friendster.com/photos/54/37/10107345/1_329926700.jpg [41740/41740] -> "data/1/0/1/10107345/photos/54/37/10107345/1_329926700.jpg" [1]
2011-05-19 09:38:17 URL:http://photos-p.friendster.com/photos/54/37/10107345/1_424237262.jpg [33121/33121] -> "data/1/0/1/10107345/photos/54/37/10107345/1_424237262.jpg" [1]
2011-05-19 09:38:18 URL:http://photos-p.friendster.com/photos/54/37/10107345/1_474092838.jpg [38538/38538] -> "data/1/0/1/10107345/photos/54/37/10107345/1_474092838.jpg" [1]
2011-05-19 09:38:18 URL:http://photos-p.friendster.com/photos/54/37/10107345/1_619713809.jpg [41858/41858] -> "data/1/0/1/10107345/photos/54/37/10107345/1_619713809.jpg" [1]
2011-05-19 09:38:18 URL:http://photos-p.friendster.com/photos/54/37/10107345/1_668168646.jpg [44832/44832] -> "data/1/0/1/10107345/photos/54/37/10107345/1_668168646.jpg" [1]
2011-05-19 09:38:19 URL:http://photos-p.friendster.com/photos/54/37/10107345/1_707529634.jpg [34168/34168] -> "data/1/0/1/10107345/photos/54/37/10107345/1_707529634.jpg" [1]
2011-05-19 09:38:19 URL:http://photos-p.friendster.com/photos/54/37/10107345/1_745021157.jpg [28562/28562] -> "data/1/0/1/10107345/photos/54/37/10107345/1_745021157.jpg" [1]
2011-05-19 09:38:19 URL:http://photos-p.friendster.com/photos/54/37/10107345/1_759330870.jpg [31257/31257] -> "data/1/0/1/10107345/photos/54/37/10107345/1_759330870.jpg" [1]
2011-05-19 09:38:19 URL:http://photos-p.friendster.com/photos/54/37/10107345/1_772956401.jpg [34168/34168] -> "data/1/0/1/10107345/photos/54/37/10107345/1_772956401.jpg" [1]
2011-05-19 09:38:19 URL:http://photos-p.friendster.com/photos/54/37/10107345/1_917896680.jpg [29484/29484] -> "data/1/0/1/10107345/photos/54/37/10107345/1_917896680.jpg" [1]
2011-05-19 09:38:20 URL:http://photos-p.friendster.com/photos/54/37/10107345/1_960895302.jpg [45419/45419] -> "data/1/0/1/10107345/photos/54/37/10107345/1_960895302.jpg" [1]
2011-05-19 09:38:20 URL:http://photos-p.friendster.com/photos/54/37/10107345/1_971869814.jpg [32884/32884] -> "data/1/0/1/10107345/photos/54/37/10107345/1_971869814.jpg" [1]
2011-05-19 09:38:20 URL:http://photos-p.friendster.com/photos/54/37/10107345/1_994571226.jpg [45419/45419] -> "data/1/0/1/10107345/photos/54/37/10107345/1_994571226.jpg" [1]
2011-05-19 09:38:20 URL:http://www.friendster.com/viewphotos.php?a=560758670&uid=10107345&page=1 [28610] -> "data/1/0/1/10107345/photos_560758670_1.html" [1]
2011-05-19 09:38:21 URL:http://photos-p.friendster.com/photos/54/37/10107345/1_167903349.jpg [45419/45419] -> "data/1/0/1/10107345/photos/54/37/10107345/1_167903349.jpg" [1]
2011-05-19 09:38:21 URL:http://photos-p.friendster.com/photos/54/37/10107345/1_477249247.jpg [38538/38538] -> "data/1/0/1/10107345/photos/54/37/10107345/1_477249247.jpg" [1]
2011-05-19 09:38:21 URL:http://photos-p.friendster.com/photos/54/37/10107345/1_918112676.jpg [44832/44832] -> "data/1/0/1/10107345/photos/54/37/10107345/1_918112676.jpg" [1]
2011-05-19 09:38:21 URL:http://www.friendster.com/viewphotos.php?a=642952954&uid=10107345&page=0 [32137] -> "data/1/0/1/10107345/photos_642952954_0.html" [1]
2011-05-19 09:38:22 URL:http://photos-p.friendster.com/photos/54/37/10107345/1_228265900.jpg [23868/23868] -> "data/1/0/1/10107345/photos/54/37/10107345/1_228265900.jpg" [1]
2011-05-19 09:38:22 URL:http://photos-p.friendster.com/photos/54/37/10107345/1_323337416.jpg [31646/31646] -> "data/1/0/1/10107345/photos/54/37/10107345/1_323337416.jpg" [1]
2011-05-19 09:38:22 URL:http://photos-p.friendster.com/photos/54/37/10107345/1_460332576.jpg [28618/28618] -> "data/1/0/1/10107345/photos/54/37/10107345/1_460332576.jpg" [1]
2011-05-19 09:38:22 URL:http://photos-p.friendster.com/photos/54/37/10107345/1_485731788.jpg [40411/40411] -> "data/1/0/1/10107345/photos/54/37/10107345/1_485731788.jpg" [1]
2011-05-19 09:38:23 URL:http://photos-p.friendster.com/photos/54/37/10107345/1_498725672.jpg [28855/28855] -> "data/1/0/1/10107345/photos/54/37/10107345/1_498725672.jpg" [1]
2011-05-19 09:38:23 URL:http://photos-p.friendster.com/photos/54/37/10107345/1_594454324.jpg [19670/19670] -> "data/1/0/1/10107345/photos/54/37/10107345/1_594454324.jpg" [1]
2011-05-19 09:38:23 URL:http://photos-p.friendster.com/photos/54/37/10107345/1_616326319.jpg [18085/18085] -> "data/1/0/1/10107345/photos/54/37/10107345/1_616326319.jpg" [1]
2011-05-19 09:38:23 URL:http://photos-p.friendster.com/photos/54/37/10107345/1_649083639.jpg [30873/30873] -> "data/1/0/1/10107345/photos/54/37/10107345/1_649083639.jpg" [1]
2011-05-19 09:38:24 URL:http://photos-p.friendster.com/photos/54/37/10107345/1_667279396.jpg [41775/41775] -> "data/1/0/1/10107345/photos/54/37/10107345/1_667279396.jpg" [1]
2011-05-19 09:38:24 URL:http://photos-p.friendster.com/photos/54/37/10107345/1_721267955.jpg [21083/21083] -> "data/1/0/1/10107345/photos/54/37/10107345/1_721267955.jpg" [1]
2011-05-19 09:38:24 URL:http://photos-p.friendster.com/photos/54/37/10107345/1_749111569.jpg [24628/24628] -> "data/1/0/1/10107345/photos/54/37/10107345/1_749111569.jpg" [1]
2011-05-19 09:38:24 URL:http://photos-p.friendster.com/photos/54/37/10107345/1_783680157.jpg [31296/31296] -> "data/1/0/1/10107345/photos/54/37/10107345/1_783680157.jpg" [1]
2011-05-19 09:38:25 URL:http://photos-p.friendster.com/photos/54/37/10107345/1_803219060.jpg [19538/19538] -> "data/1/0/1/10107345/photos/54/37/10107345/1_803219060.jpg" [1]
2011-05-19 09:38:25 URL:http://photos-p.friendster.com/photos/54/37/10107345/1_840141425.jpg [35307/35307] -> "data/1/0/1/10107345/photos/54/37/10107345/1_840141425.jpg" [1]
2011-05-19 09:38:25 URL:http://photos-p.friendster.com/photos/54/37/10107345/1_868628085.jpg [24965/24965] -> "data/1/0/1/10107345/photos/54/37/10107345/1_868628085.jpg" [1]
2011-05-19 09:38:25 URL:http://photos-p.friendster.com/photos/54/37/10107345/1_870540323.jpg [25771/25771] -> "data/1/0/1/10107345/photos/54/37/10107345/1_870540323.jpg" [1]
2011-05-19 09:38:25 URL:http://photos-p.friendster.com/photos/54/37/10107345/1_870715295.jpg [51560/51560] -> "data/1/0/1/10107345/photos/54/37/10107345/1_870715295.jpg" [1]
2011-05-19 09:38:26 URL:http://photos-p.friendster.com/photos/54/37/10107345/1_878212926.jpg [25216/25216] -> "data/1/0/1/10107345/photos/54/37/10107345/1_878212926.jpg" [1]
2011-05-19 09:38:26 URL:http://photos-p.friendster.com/photos/54/37/10107345/1_931486595.jpg [18576/18576] -> "data/1/0/1/10107345/photos/54/37/10107345/1_931486595.jpg" [1]
2011-05-19 09:38:26 URL:http://photos-p.friendster.com/photos/54/37/10107345/1_939178743.jpg [33409/33409] -> "data/1/0/1/10107345/photos/54/37/10107345/1_939178743.jpg" [1]
2011-05-19 09:38:26 URL:http://www.friendster.com/viewphotos.php?a=691042210&uid=10107345&page=0 [30004] -> "data/1/0/1/10107345/photos_691042210_0.html" [1]
2011-05-19 09:38:27 URL:http://photos-p.friendster.com/photos/54/37/10107345/1_120183133.jpg [35274/35274] -> "data/1/0/1/10107345/photos/54/37/10107345/1_120183133.jpg" [1]
2011-05-19 09:38:27 URL:http://photos-p.friendster.com/photos/54/37/10107345/1_158308254.jpg [31260/31260] -> "data/1/0/1/10107345/photos/54/37/10107345/1_158308254.jpg" [1]
2011-05-19 09:38:27 URL:http://photos-p.friendster.com/photos/54/37/10107345/1_344896344.jpg [35107/35107] -> "data/1/0/1/10107345/photos/54/37/10107345/1_344896344.jpg" [1]
2011-05-19 09:38:27 URL:http://photos-p.friendster.com/photos/54/37/10107345/1_346003080.jpg [32957/32957] -> "data/1/0/1/10107345/photos/54/37/10107345/1_346003080.jpg" [1]
2011-05-19 09:38:27 URL:http://photos-p.friendster.com/photos/54/37/10107345/1_472475817.jpg [50940/50940] -> "data/1/0/1/10107345/photos/54/37/10107345/1_472475817.jpg" [1]
2011-05-19 09:38:28 URL:http://photos-p.friendster.com/photos/54/37/10107345/1_473451817.jpg [41537/41537] -> "data/1/0/1/10107345/photos/54/37/10107345/1_473451817.jpg" [1]
2011-05-19 09:38:28 URL:http://photos-p.friendster.com/photos/54/37/10107345/1_616078761.jpg [38714/38714] -> "data/1/0/1/10107345/photos/54/37/10107345/1_616078761.jpg" [1]
2011-05-19 09:38:28 URL:http://photos-p.friendster.com/photos/54/37/10107345/1_646912292.jpg [40950/40950] -> "data/1/0/1/10107345/photos/54/37/10107345/1_646912292.jpg" [1]
2011-05-19 09:38:29 URL:http://photos-p.friendster.com/photos/54/37/10107345/1_780123592.jpg [55756/55756] -> "data/1/0/1/10107345/photos/54/37/10107345/1_780123592.jpg" [1]
2011-05-19 09:38:29 URL:http://photos-p.friendster.com/photos/54/37/10107345/1_780919566.jpg [51297/51297] -> "data/1/0/1/10107345/photos/54/37/10107345/1_780919566.jpg" [1]
2011-05-19 09:38:29 URL:http://photos-p.friendster.com/photos/54/37/10107345/1_889678548.jpg [43424/43424] -> "data/1/0/1/10107345/photos/54/37/10107345/1_889678548.jpg" [1]
2011-05-19 09:38:30 URL:http://www.friendster.com/viewphotos.php?a=764158826&uid=10107345&page=0 [29349] -> "data/1/0/1/10107345/photos_764158826_0.html" [1]
2011-05-19 09:38:30 URL:http://photos-p.friendster.com/photos/54/37/10107345/1_232962733.jpg [36025/36025] -> "data/1/0/1/10107345/photos/54/37/10107345/1_232962733.jpg" [1]
2011-05-19 09:38:30 URL:http://photos-p.friendster.com/photos/54/37/10107345/1_255052663.jpg [35590/35590] -> "data/1/0/1/10107345/photos/54/37/10107345/1_255052663.jpg" [1]
2011-05-19 09:38:31 URL:http://photos-p.friendster.com/photos/54/37/10107345/1_262190028.jpg [32308/32308] -> "data/1/0/1/10107345/photos/54/37/10107345/1_262190028.jpg" [1]
2011-05-19 09:38:31 URL:http://photos-p.friendster.com/photos/54/37/10107345/1_307792311.jpg [37244/37244] -> "data/1/0/1/10107345/photos/54/37/10107345/1_307792311.jpg" [1]
2011-05-19 09:38:31 URL:http://photos-p.friendster.com/photos/54/37/10107345/1_439574999.jpg [35401/35401] -> "data/1/0/1/10107345/photos/54/37/10107345/1_439574999.jpg" [1]
2011-05-19 09:38:31 URL:http://photos-p.friendster.com/photos/54/37/10107345/1_507903368.jpg [35590/35590] -> "data/1/0/1/10107345/photos/54/37/10107345/1_507903368.jpg" [1]
2011-05-19 09:38:31 URL:http://photos-p.friendster.com/photos/54/37/10107345/1_688171259.jpg [30659/30659] -> "data/1/0/1/10107345/photos/54/37/10107345/1_688171259.jpg" [1]
2011-05-19 09:38:32 URL:http://www.friendster.com/viewphotos.php?a=902568354&uid=10107345&page=0 [31032] -> "data/1/0/1/10107345/photos_902568354_0.html" [1]
2011-05-19 09:38:32 URL:http://photos-p.friendster.com/photos/54/37/10107345/1_123346574.jpg [43376/43376] -> "data/1/0/1/10107345/photos/54/37/10107345/1_123346574.jpg" [1]
2011-05-19 09:38:33 URL:http://photos-p.friendster.com/photos/54/37/10107345/1_240322324.jpg [32906/32906] -> "data/1/0/1/10107345/photos/54/37/10107345/1_240322324.jpg" [1]
2011-05-19 09:38:33 URL:http://photos-p.friendster.com/photos/54/37/10107345/1_327343189.jpg [32167/32167] -> "data/1/0/1/10107345/photos/54/37/10107345/1_327343189.jpg" [1]
2011-05-19 09:38:33 URL:http://photos-p.friendster.com/photos/54/37/10107345/1_328389965.jpg [36395/36395] -> "data/1/0/1/10107345/photos/54/37/10107345/1_328389965.jpg" [1]
2011-05-19 09:38:33 URL:http://photos-p.friendster.com/photos/54/37/10107345/1_344344297.jpg [34481/34481] -> "data/1/0/1/10107345/photos/54/37/10107345/1_344344297.jpg" [1]
2011-05-19 09:38:34 URL:http://photos-p.friendster.com/photos/54/37/10107345/1_429754152.jpg [34192/34192] -> "data/1/0/1/10107345/photos/54/37/10107345/1_429754152.jpg" [1]
2011-05-19 09:38:34 URL:http://photos-p.friendster.com/photos/54/37/10107345/1_492197373.jpg [41045/41045] -> "data/1/0/1/10107345/photos/54/37/10107345/1_492197373.jpg" [1]
2011-05-19 09:38:34 URL:http://photos-p.friendster.com/photos/54/37/10107345/1_498284787.jpg [46021/46021] -> "data/1/0/1/10107345/photos/54/37/10107345/1_498284787.jpg" [1]
2011-05-19 09:38:34 URL:http://photos-p.friendster.com/photos/54/37/10107345/1_563157522.jpg [35754/35754] -> "data/1/0/1/10107345/photos/54/37/10107345/1_563157522.jpg" [1]
2011-05-19 09:38:35 URL:http://photos-p.friendster.com/photos/54/37/10107345/1_582267538.jpg [37454/37454] -> "data/1/0/1/10107345/photos/54/37/10107345/1_582267538.jpg" [1]
2011-05-19 09:38:35 URL:http://photos-p.friendster.com/photos/54/37/10107345/1_687774014.jpg [42072/42072] -> "data/1/0/1/10107345/photos/54/37/10107345/1_687774014.jpg" [1]
2011-05-19 09:38:35 URL:http://photos-p.friendster.com/photos/54/37/10107345/1_742293383.jpg [39700/39700] -> "data/1/0/1/10107345/photos/54/37/10107345/1_742293383.jpg" [1]
2011-05-19 09:38:35 URL:http://photos-p.friendster.com/photos/54/37/10107345/1_815969395.jpg [31935/31935] -> "data/1/0/1/10107345/photos/54/37/10107345/1_815969395.jpg" [1]
2011-05-19 09:38:36 URL:http://photos-p.friendster.com/photos/54/37/10107345/1_866452264.jpg [35315/35315] -> "data/1/0/1/10107345/photos/54/37/10107345/1_866452264.jpg" [1]
2011-05-19 09:38:36 URL:http://photos-p.friendster.com/photos/54/37/10107345/1_980047277.jpg [30940/30940] -> "data/1/0/1/10107345/photos/54/37/10107345/1_980047277.jpg" [1]
2011-05-19 09:40:03 URL:http://www.friendster.com/viewphotos.php?a=911246209&uid=10107345&page=0 [33172] -> "data/1/0/1/10107345/photos_911246209_0.html" [1]
2011-05-19 09:40:03 URL:http://photos-p.friendster.com/photos/54/37/10107345/1_102403901.jpg [41420/41420] -> "data/1/0/1/10107345/photos/54/37/10107345/1_102403901.jpg" [1]
2011-05-19 09:40:04 URL:http://photos-p.friendster.com/photos/54/37/10107345/1_107849621.jpg [56425/56425] -> "data/1/0/1/10107345/photos/54/37/10107345/1_107849621.jpg" [1]
2011-05-19 09:40:04 URL:http://photos-p.friendster.com/photos/54/37/10107345/1_222577809.jpg [40034/40034] -> "data/1/0/1/10107345/photos/54/37/10107345/1_222577809.jpg" [1]
2011-05-19 09:40:04 URL:http://photos-p.friendster.com/photos/54/37/10107345/1_472706162.jpg [63968/63968] -> "data/1/0/1/10107345/photos/54/37/10107345/1_472706162.jpg" [1]
2011-05-19 09:40:05 URL:http://photos-p.friendster.com/photos/54/37/10107345/1_487853414.jpg [43450/43450] -> "data/1/0/1/10107345/photos/54/37/10107345/1_487853414.jpg" [1]
2011-05-19 09:40:05 URL:http://photos-p.friendster.com/photos/54/37/10107345/1_516399259.jpg [36490/36490] -> "data/1/0/1/10107345/photos/54/37/10107345/1_516399259.jpg" [1]
2011-05-19 09:40:05 URL:http://photos-p.friendster.com/photos/54/37/10107345/1_530669776.jpg [42039/42039] -> "data/1/0/1/10107345/photos/54/37/10107345/1_530669776.jpg" [1]
2011-05-19 09:40:05 URL:http://photos-p.friendster.com/photos/54/37/10107345/1_574774593.jpg [26036/26036] -> "data/1/0/1/10107345/photos/54/37/10107345/1_574774593.jpg" [1]
2011-05-19 09:40:05 URL:http://photos-p.friendster.com/photos/54/37/10107345/1_596679200.jpg [67631/67631] -> "data/1/0/1/10107345/photos/54/37/10107345/1_596679200.jpg" [1]
2011-05-19 09:40:06 URL:http://photos-p.friendster.com/photos/54/37/10107345/1_610747311.jpg [27400/27400] -> "data/1/0/1/10107345/photos/54/37/10107345/1_610747311.jpg" [1]
2011-05-19 09:40:06 URL:http://photos-p.friendster.com/photos/54/37/10107345/1_623908823.jpg [24562/24562] -> "data/1/0/1/10107345/photos/54/37/10107345/1_623908823.jpg" [1]
2011-05-19 09:40:06 URL:http://photos-p.friendster.com/photos/54/37/10107345/1_655194380.jpg [68651/68651] -> "data/1/0/1/10107345/photos/54/37/10107345/1_655194380.jpg" [1]
2011-05-19 09:40:07 URL:http://photos-p.friendster.com/photos/54/37/10107345/1_657587909.jpg [70716/70716] -> "data/1/0/1/10107345/photos/54/37/10107345/1_657587909.jpg" [1]
2011-05-19 09:40:07 URL:http://photos-p.friendster.com/photos/54/37/10107345/1_801946623.jpg [29361/29361] -> "data/1/0/1/10107345/photos/54/37/10107345/1_801946623.jpg" [1]
2011-05-19 09:40:07 URL:http://photos-p.friendster.com/photos/54/37/10107345/1_814316751.jpg [32445/32445] -> "data/1/0/1/10107345/photos/54/37/10107345/1_814316751.jpg" [1]
2011-05-19 09:40:07 URL:http://photos-p.friendster.com/photos/54/37/10107345/1_816672116.jpg [35146/35146] -> "data/1/0/1/10107345/photos/54/37/10107345/1_816672116.jpg" [1]
2011-05-19 09:40:07 URL:http://photos-p.friendster.com/photos/54/37/10107345/1_819066197.jpg [51549/51549] -> "data/1/0/1/10107345/photos/54/37/10107345/1_819066197.jpg" [1]
2011-05-19 09:40:07 URL:http://photos-p.friendster.com/photos/54/37/10107345/1_907681869.jpg [47622/47622] -> "data/1/0/1/10107345/photos/54/37/10107345/1_907681869.jpg" [1]
2011-05-19 09:40:08 URL:http://photos-p.friendster.com/photos/54/37/10107345/1_914136847.jpg [41698/41698] -> "data/1/0/1/10107345/photos/54/37/10107345/1_914136847.jpg" [1]
2011-05-19 09:40:08 URL:http://photos-p.friendster.com/photos/54/37/10107345/1_920441437.jpg [30114/30114] -> "data/1/0/1/10107345/photos/54/37/10107345/1_920441437.jpg" [1]
2011-05-19 09:40:08 URL:http://www.friendster.com/viewphotos.php?a=911246209&uid=10107345&page=1 [33172] -> "data/1/0/1/10107345/photos_911246209_1.html" [1]
2011-05-19 09:40:09 URL:http://photos-p.friendster.com/photos/54/37/10107345/1_240447936.jpg [36020/36020] -> "data/1/0/1/10107345/photos/54/37/10107345/1_240447936.jpg" [1]
2011-05-19 09:40:09 URL:http://photos-p.friendster.com/photos/54/37/10107345/1_248673554.jpg [38716/38716] -> "data/1/0/1/10107345/photos/54/37/10107345/1_248673554.jpg" [1]
2011-05-19 09:40:09 URL:http://photos-p.friendster.com/photos/54/37/10107345/1_290670949.jpg [69666/69666] -> "data/1/0/1/10107345/photos/54/37/10107345/1_290670949.jpg" [1]
2011-05-19 09:40:09 URL:http://photos-p.friendster.com/photos/54/37/10107345/1_304212147.jpg [36192/36192] -> "data/1/0/1/10107345/photos/54/37/10107345/1_304212147.jpg" [1]
2011-05-19 09:40:09 URL:http://photos-p.friendster.com/photos/54/37/10107345/1_358179026.jpg [27423/27423] -> "data/1/0/1/10107345/photos/54/37/10107345/1_358179026.jpg" [1]
2011-05-19 09:40:10 URL:http://photos-p.friendster.com/photos/54/37/10107345/1_401154203.jpg [34574/34574] -> "data/1/0/1/10107345/photos/54/37/10107345/1_401154203.jpg" [1]
2011-05-19 09:40:10 URL:http://photos-p.friendster.com/photos/54/37/10107345/1_431073822.jpg [71984/71984] -> "data/1/0/1/10107345/photos/54/37/10107345/1_431073822.jpg" [1]
2011-05-19 09:40:10 URL:http://photos-p.friendster.com/photos/54/37/10107345/1_470985580.jpg [39450/39450] -> "data/1/0/1/10107345/photos/54/37/10107345/1_470985580.jpg" [1]
2011-05-19 09:40:10 URL:http://photos-p.friendster.com/photos/54/37/10107345/1_536740627.jpg [25929/25929] -> "data/1/0/1/10107345/photos/54/37/10107345/1_536740627.jpg" [1]
2011-05-19 09:40:11 URL:http://photos-p.friendster.com/photos/54/37/10107345/1_583829050.jpg [35922/35922] -> "data/1/0/1/10107345/photos/54/37/10107345/1_583829050.jpg" [1]
2011-05-19 09:40:11 URL:http://photos-p.friendster.com/photos/54/37/10107345/1_593463658.jpg [65889/65889] -> "data/1/0/1/10107345/photos/54/37/10107345/1_593463658.jpg" [1]
2011-05-19 09:40:11 URL:http://photos-p.friendster.com/photos/54/37/10107345/1_608362444.jpg [36124/36124] -> "data/1/0/1/10107345/photos/54/37/10107345/1_608362444.jpg" [1]
2011-05-19 09:40:11 URL:http://photos-p.friendster.com/photos/54/37/10107345/1_644618760.jpg [56423/56423] -> "data/1/0/1/10107345/photos/54/37/10107345/1_644618760.jpg" [1]
2011-05-19 09:40:11 URL:http://photos-p.friendster.com/photos/54/37/10107345/1_663491432.jpg [44476/44476] -> "data/1/0/1/10107345/photos/54/37/10107345/1_663491432.jpg" [1]
2011-05-19 09:40:11 URL:http://photos-p.friendster.com/photos/54/37/10107345/1_769879080.jpg [61354/61354] -> "data/1/0/1/10107345/photos/54/37/10107345/1_769879080.jpg" [1]
2011-05-19 09:40:12 URL:http://photos-p.friendster.com/photos/54/37/10107345/1_775420757.jpg [41527/41527] -> "data/1/0/1/10107345/photos/54/37/10107345/1_775420757.jpg" [1]
2011-05-19 09:40:12 URL:http://photos-p.friendster.com/photos/54/37/10107345/1_804692560.jpg [33873/33873] -> "data/1/0/1/10107345/photos/54/37/10107345/1_804692560.jpg" [1]
2011-05-19 09:40:12 URL:http://photos-p.friendster.com/photos/54/37/10107345/1_824231342.jpg [21129/21129] -> "data/1/0/1/10107345/photos/54/37/10107345/1_824231342.jpg" [1]
2011-05-19 09:40:13 URL:http://photos-p.friendster.com/photos/54/37/10107345/1_825056809.jpg [66162/66162] -> "data/1/0/1/10107345/photos/54/37/10107345/1_825056809.jpg" [1]
2011-05-19 09:40:13 URL:http://photos-p.friendster.com/photos/54/37/10107345/1_921902462.jpg [37703/37703] -> "data/1/0/1/10107345/photos/54/37/10107345/1_921902462.jpg" [1]
2011-05-19 09:40:14 URL:http://www.friendster.com/viewphotos.php?a=911246209&uid=10107345&page=2 [33172] -> "data/1/0/1/10107345/photos_911246209_2.html" [1]
2011-05-19 09:40:14 URL:http://photos-p.friendster.com/photos/54/37/10107345/1_147021929.jpg [62892/62892] -> "data/1/0/1/10107345/photos/54/37/10107345/1_147021929.jpg" [1]
2011-05-19 09:40:14 URL:http://photos-p.friendster.com/photos/54/37/10107345/1_164552443.jpg [32878/32878] -> "data/1/0/1/10107345/photos/54/37/10107345/1_164552443.jpg" [1]
2011-05-19 09:40:14 URL:http://photos-p.friendster.com/photos/54/37/10107345/1_217589638.jpg [38366/38366] -> "data/1/0/1/10107345/photos/54/37/10107345/1_217589638.jpg" [1]
2011-05-19 09:40:15 URL:http://photos-p.friendster.com/photos/54/37/10107345/1_255972838.jpg [49803/49803] -> "data/1/0/1/10107345/photos/54/37/10107345/1_255972838.jpg" [1]
2011-05-19 09:40:15 URL:http://photos-p.friendster.com/photos/54/37/10107345/1_283961264.jpg [57463/57463] -> "data/1/0/1/10107345/photos/54/37/10107345/1_283961264.jpg" [1]
2011-05-19 09:40:15 URL:http://photos-p.friendster.com/photos/54/37/10107345/1_358484564.jpg [37297/37297] -> "data/1/0/1/10107345/photos/54/37/10107345/1_358484564.jpg" [1]
2011-05-19 09:40:15 URL:http://photos-p.friendster.com/photos/54/37/10107345/1_416853010.jpg [42622/42622] -> "data/1/0/1/10107345/photos/54/37/10107345/1_416853010.jpg" [1]
2011-05-19 09:40:16 URL:http://photos-p.friendster.com/photos/54/37/10107345/1_441888387.jpg [48197/48197] -> "data/1/0/1/10107345/photos/54/37/10107345/1_441888387.jpg" [1]
2011-05-19 09:40:16 URL:http://photos-p.friendster.com/photos/54/37/10107345/1_486116102.jpg [34286/34286] -> "data/1/0/1/10107345/photos/54/37/10107345/1_486116102.jpg" [1]
2011-05-19 09:40:16 URL:http://photos-p.friendster.com/photos/54/37/10107345/1_528429505.jpg [45718/45718] -> "data/1/0/1/10107345/photos/54/37/10107345/1_528429505.jpg" [1]
2011-05-19 09:40:16 URL:http://photos-p.friendster.com/photos/54/37/10107345/1_531540704.jpg [34925/34925] -> "data/1/0/1/10107345/photos/54/37/10107345/1_531540704.jpg" [1]
2011-05-19 09:40:17 URL:http://photos-p.friendster.com/photos/54/37/10107345/1_541281241.jpg [50523/50523] -> "data/1/0/1/10107345/photos/54/37/10107345/1_541281241.jpg" [1]
2011-05-19 09:40:17 URL:http://photos-p.friendster.com/photos/54/37/10107345/1_618791193.jpg [25556/25556] -> "data/1/0/1/10107345/photos/54/37/10107345/1_618791193.jpg" [1]
2011-05-19 09:40:17 URL:http://photos-p.friendster.com/photos/54/37/10107345/1_619074990.jpg [34368/34368] -> "data/1/0/1/10107345/photos/54/37/10107345/1_619074990.jpg" [1]
2011-05-19 09:40:18 URL:http://photos-p.friendster.com/photos/54/37/10107345/1_696395074.jpg [32702/32702] -> "data/1/0/1/10107345/photos/54/37/10107345/1_696395074.jpg" [1]
2011-05-19 09:40:18 URL:http://photos-p.friendster.com/photos/54/37/10107345/1_701266704.jpg [27717/27717] -> "data/1/0/1/10107345/photos/54/37/10107345/1_701266704.jpg" [1]
2011-05-19 09:40:18 URL:http://photos-p.friendster.com/photos/54/37/10107345/1_779776588.jpg [73449/73449] -> "data/1/0/1/10107345/photos/54/37/10107345/1_779776588.jpg" [1]
2011-05-19 09:40:18 URL:http://photos-p.friendster.com/photos/54/37/10107345/1_812600530.jpg [51374/51374] -> "data/1/0/1/10107345/photos/54/37/10107345/1_812600530.jpg" [1]
2011-05-19 09:40:19 URL:http://photos-p.friendster.com/photos/54/37/10107345/1_817744688.jpg [53820/53820] -> "data/1/0/1/10107345/photos/54/37/10107345/1_817744688.jpg" [1]
2011-05-19 09:40:19 URL:http://photos-p.friendster.com/photos/54/37/10107345/1_844234733.jpg [50269/50269] -> "data/1/0/1/10107345/photos/54/37/10107345/1_844234733.jpg" [1]
2011-05-19 09:40:19 URL:http://www.friendster.com/viewphotos.php?a=911246209&uid=10107345&page=3 [33172] -> "data/1/0/1/10107345/photos_911246209_3.html" [1]
2011-05-19 09:40:19 URL:http://photos-p.friendster.com/photos/54/37/10107345/1_255568218.jpg [32533/32533] -> "data/1/0/1/10107345/photos/54/37/10107345/1_255568218.jpg" [1]
2011-05-19 09:40:20 URL:http://photos-p.friendster.com/photos/54/37/10107345/1_260311811.jpg [29993/29993] -> "data/1/0/1/10107345/photos/54/37/10107345/1_260311811.jpg" [1]
2011-05-19 09:40:20 URL:http://photos-p.friendster.com/photos/54/37/10107345/1_267194866.jpg [27328/27328] -> "data/1/0/1/10107345/photos/54/37/10107345/1_267194866.jpg" [1]
2011-05-19 09:40:20 URL:http://photos-p.friendster.com/photos/54/37/10107345/1_289307032.jpg [31870/31870] -> "data/1/0/1/10107345/photos/54/37/10107345/1_289307032.jpg" [1]
2011-05-19 09:40:20 URL:http://photos-p.friendster.com/photos/54/37/10107345/1_303579001.jpg [34741/34741] -> "data/1/0/1/10107345/photos/54/37/10107345/1_303579001.jpg" [1]
2011-05-19 09:40:20 URL:http://photos-p.friendster.com/photos/54/37/10107345/1_305814900.jpg [31407/31407] -> "data/1/0/1/10107345/photos/54/37/10107345/1_305814900.jpg" [1]
2011-05-19 09:40:21 URL:http://photos-p.friendster.com/photos/54/37/10107345/1_342329697.jpg [26963/26963] -> "data/1/0/1/10107345/photos/54/37/10107345/1_342329697.jpg" [1]
2011-05-19 09:40:21 URL:http://photos-p.friendster.com/photos/54/37/10107345/1_415311373.jpg [38368/38368] -> "data/1/0/1/10107345/photos/54/37/10107345/1_415311373.jpg" [1]
2011-05-19 09:40:21 URL:http://photos-p.friendster.com/photos/54/37/10107345/1_466809761.jpg [36039/36039] -> "data/1/0/1/10107345/photos/54/37/10107345/1_466809761.jpg" [1]
2011-05-19 09:40:21 URL:http://photos-p.friendster.com/photos/54/37/10107345/1_479687350.jpg [29131/29131] -> "data/1/0/1/10107345/photos/54/37/10107345/1_479687350.jpg" [1]
2011-05-19 09:40:22 URL:http://photos-p.friendster.com/photos/54/37/10107345/1_545956588.jpg [28104/28104] -> "data/1/0/1/10107345/photos/54/37/10107345/1_545956588.jpg" [1]
2011-05-19 09:40:22 URL:http://photos-p.friendster.com/photos/54/37/10107345/1_674240951.jpg [70925/70925] -> "data/1/0/1/10107345/photos/54/37/10107345/1_674240951.jpg" [1]
2011-05-19 09:40:22 URL:http://photos-p.friendster.com/photos/54/37/10107345/1_724389040.jpg [35096/35096] -> "data/1/0/1/10107345/photos/54/37/10107345/1_724389040.jpg" [1]
2011-05-19 09:40:22 URL:http://photos-p.friendster.com/photos/54/37/10107345/1_736037035.jpg [32801/32801] -> "data/1/0/1/10107345/photos/54/37/10107345/1_736037035.jpg" [1]
2011-05-19 09:40:22 URL:http://photos-p.friendster.com/photos/54/37/10107345/1_738052572.jpg [54407/54407] -> "data/1/0/1/10107345/photos/54/37/10107345/1_738052572.jpg" [1]
2011-05-19 09:40:23 URL:http://photos-p.friendster.com/photos/54/37/10107345/1_757106094.jpg [25797/25797] -> "data/1/0/1/10107345/photos/54/37/10107345/1_757106094.jpg" [1]
2011-05-19 09:40:23 URL:http://photos-p.friendster.com/photos/54/37/10107345/1_796318282.jpg [45036/45036] -> "data/1/0/1/10107345/photos/54/37/10107345/1_796318282.jpg" [1]
2011-05-19 09:40:23 URL:http://photos-p.friendster.com/photos/54/37/10107345/1_808695368.jpg [56894/56894] -> "data/1/0/1/10107345/photos/54/37/10107345/1_808695368.jpg" [1]
2011-05-19 09:40:23 URL:http://photos-p.friendster.com/photos/54/37/10107345/1_872233867.jpg [40613/40613] -> "data/1/0/1/10107345/photos/54/37/10107345/1_872233867.jpg" [1]
2011-05-19 09:40:23 URL:http://photos-p.friendster.com/photos/54/37/10107345/1_977078758.jpg [34130/34130] -> "data/1/0/1/10107345/photos/54/37/10107345/1_977078758.jpg" [1]
2011-05-19 09:40:24 URL:http://www.friendster.com/viewphotos.php?a=911246209&uid=10107345&page=4 [33172] -> "data/1/0/1/10107345/photos_911246209_4.html" [1]
2011-05-19 09:40:24 URL:http://photos-p.friendster.com/photos/54/37/10107345/1_105296468.jpg [35921/35921] -> "data/1/0/1/10107345/photos/54/37/10107345/1_105296468.jpg" [1]
2011-05-19 09:40:24 URL:http://photos-p.friendster.com/photos/54/37/10107345/1_109742417.jpg [27502/27502] -> "data/1/0/1/10107345/photos/54/37/10107345/1_109742417.jpg" [1]
2011-05-19 09:40:24 URL:http://photos-p.friendster.com/photos/54/37/10107345/1_121065012.jpg [41118/41118] -> "data/1/0/1/10107345/photos/54/37/10107345/1_121065012.jpg" [1]
2011-05-19 09:40:24 URL:http://photos-p.friendster.com/photos/54/37/10107345/1_153477154.jpg [37689/37689] -> "data/1/0/1/10107345/photos/54/37/10107345/1_153477154.jpg" [1]
2011-05-19 09:40:24 URL:http://photos-p.friendster.com/photos/54/37/10107345/1_155702549.jpg [25989/25989] -> "data/1/0/1/10107345/photos/54/37/10107345/1_155702549.jpg" [1]
2011-05-19 09:40:25 URL:http://photos-p.friendster.com/photos/54/37/10107345/1_234497615.jpg [29450/29450] -> "data/1/0/1/10107345/photos/54/37/10107345/1_234497615.jpg" [1]
2011-05-19 09:40:25 URL:http://photos-p.friendster.com/photos/54/37/10107345/1_292096034.jpg [32992/32992] -> "data/1/0/1/10107345/photos/54/37/10107345/1_292096034.jpg" [1]
2011-05-19 09:40:25 URL:http://photos-p.friendster.com/photos/54/37/10107345/1_317858243.jpg [28497/28497] -> "data/1/0/1/10107345/photos/54/37/10107345/1_317858243.jpg" [1]
2011-05-19 09:40:25 URL:http://photos-p.friendster.com/photos/54/37/10107345/1_327937027.jpg [41439/41439] -> "data/1/0/1/10107345/photos/54/37/10107345/1_327937027.jpg" [1]
2011-05-19 09:40:25 URL:http://photos-p.friendster.com/photos/54/37/10107345/1_361937303.jpg [57709/57709] -> "data/1/0/1/10107345/photos/54/37/10107345/1_361937303.jpg" [1]
2011-05-19 09:40:26 URL:http://photos-p.friendster.com/photos/54/37/10107345/1_391845000.jpg [35903/35903] -> "data/1/0/1/10107345/photos/54/37/10107345/1_391845000.jpg" [1]
2011-05-19 09:40:26 URL:http://photos-p.friendster.com/photos/54/37/10107345/1_414550544.jpg [36039/36039] -> "data/1/0/1/10107345/photos/54/37/10107345/1_414550544.jpg" [1]
2011-05-19 09:40:26 URL:http://photos-p.friendster.com/photos/54/37/10107345/1_430902789.jpg [37921/37921] -> "data/1/0/1/10107345/photos/54/37/10107345/1_430902789.jpg" [1]
2011-05-19 09:40:26 URL:http://photos-p.friendster.com/photos/54/37/10107345/1_462552487.jpg [64158/64158] -> "data/1/0/1/10107345/photos/54/37/10107345/1_462552487.jpg" [1]
2011-05-19 09:40:27 URL:http://photos-p.friendster.com/photos/54/37/10107345/1_479950581.jpg [27162/27162] -> "data/1/0/1/10107345/photos/54/37/10107345/1_479950581.jpg" [1]
2011-05-19 09:40:27 URL:http://photos-p.friendster.com/photos/54/37/10107345/1_561321582.jpg [74084/74084] -> "data/1/0/1/10107345/photos/54/37/10107345/1_561321582.jpg" [1]
2011-05-19 09:40:27 URL:http://photos-p.friendster.com/photos/54/37/10107345/1_632916765.jpg [49555/49555] -> "data/1/0/1/10107345/photos/54/37/10107345/1_632916765.jpg" [1]
2011-05-19 09:40:27 URL:http://photos-p.friendster.com/photos/54/37/10107345/1_690733272.jpg [28314/28314] -> "data/1/0/1/10107345/photos/54/37/10107345/1_690733272.jpg" [1]
2011-05-19 09:40:27 URL:http://photos-p.friendster.com/photos/54/37/10107345/1_694092852.jpg [36040/36040] -> "data/1/0/1/10107345/photos/54/37/10107345/1_694092852.jpg" [1]
2011-05-19 09:40:27 URL:http://photos-p.friendster.com/photos/54/37/10107345/1_743266957.jpg [31393/31393] -> "data/1/0/1/10107345/photos/54/37/10107345/1_743266957.jpg" [1]
2011-05-19 09:40:28 URL:http://www.friendster.com/viewphotos.php?a=911246209&uid=10107345&page=5 [33171] -> "data/1/0/1/10107345/photos_911246209_5.html" [1]
2011-05-19 09:40:28 URL:http://photos-p.friendster.com/photos/54/37/10107345/1_102969957.jpg [34978/34978] -> "data/1/0/1/10107345/photos/54/37/10107345/1_102969957.jpg" [1]
2011-05-19 09:40:29 URL:http://photos-p.friendster.com/photos/54/37/10107345/1_204018717.jpg [43732/43732] -> "data/1/0/1/10107345/photos/54/37/10107345/1_204018717.jpg" [1]
2011-05-19 09:40:29 URL:http://photos-p.friendster.com/photos/54/37/10107345/1_204049858.jpg [69524/69524] -> "data/1/0/1/10107345/photos/54/37/10107345/1_204049858.jpg" [1]
2011-05-19 09:40:29 URL:http://photos-p.friendster.com/photos/54/37/10107345/1_253611253.jpg [26595/26595] -> "data/1/0/1/10107345/photos/54/37/10107345/1_253611253.jpg" [1]
2011-05-19 09:40:29 URL:http://photos-p.friendster.com/photos/54/37/10107345/1_320367196.jpg [37680/37680] -> "data/1/0/1/10107345/photos/54/37/10107345/1_320367196.jpg" [1]
2011-05-19 09:40:29 URL:http://photos-p.friendster.com/photos/54/37/10107345/1_332905417.jpg [46949/46949] -> "data/1/0/1/10107345/photos/54/37/10107345/1_332905417.jpg" [1]
2011-05-19 09:40:30 URL:http://photos-p.friendster.com/photos/54/37/10107345/1_375610311.jpg [27338/27338] -> "data/1/0/1/10107345/photos/54/37/10107345/1_375610311.jpg" [1]
2011-05-19 09:40:30 URL:http://photos-p.friendster.com/photos/54/37/10107345/1_471087630.jpg [34652/34652] -> "data/1/0/1/10107345/photos/54/37/10107345/1_471087630.jpg" [1]
2011-05-19 09:40:30 URL:http://photos-p.friendster.com/photos/54/37/10107345/1_502682133.jpg [34067/34067] -> "data/1/0/1/10107345/photos/54/37/10107345/1_502682133.jpg" [1]
2011-05-19 09:40:30 URL:http://photos-p.friendster.com/photos/54/37/10107345/1_542883383.jpg [42685/42685] -> "data/1/0/1/10107345/photos/54/37/10107345/1_542883383.jpg" [1]
2011-05-19 09:40:31 URL:http://photos-p.friendster.com/photos/54/37/10107345/1_578986631.jpg [33376/33376] -> "data/1/0/1/10107345/photos/54/37/10107345/1_578986631.jpg" [1]
2011-05-19 09:40:31 URL:http://photos-p.friendster.com/photos/54/37/10107345/1_588655961.jpg [27810/27810] -> "data/1/0/1/10107345/photos/54/37/10107345/1_588655961.jpg" [1]
2011-05-19 09:40:31 URL:http://photos-p.friendster.com/photos/54/37/10107345/1_602932651.jpg [44231/44231] -> "data/1/0/1/10107345/photos/54/37/10107345/1_602932651.jpg" [1]
2011-05-19 09:40:31 URL:http://photos-p.friendster.com/photos/54/37/10107345/1_609051390.jpg [32589/32589] -> "data/1/0/1/10107345/photos/54/37/10107345/1_609051390.jpg" [1]
2011-05-19 09:40:31 URL:http://photos-p.friendster.com/photos/54/37/10107345/1_619927799.jpg [25524/25524] -> "data/1/0/1/10107345/photos/54/37/10107345/1_619927799.jpg" [1]
2011-05-19 09:40:31 URL:http://photos-p.friendster.com/photos/54/37/10107345/1_668074861.jpg [37752/37752] -> "data/1/0/1/10107345/photos/54/37/10107345/1_668074861.jpg" [1]
2011-05-19 09:40:32 URL:http://photos-p.friendster.com/photos/54/37/10107345/1_696715313.jpg [28839/28839] -> "data/1/0/1/10107345/photos/54/37/10107345/1_696715313.jpg" [1]
2011-05-19 09:40:32 URL:http://photos-p.friendster.com/photos/54/37/10107345/1_757481639.jpg [48894/48894] -> "data/1/0/1/10107345/photos/54/37/10107345/1_757481639.jpg" [1]
2011-05-19 09:40:32 URL:http://photos-p.friendster.com/photos/54/37/10107345/1_788239806.jpg [25307/25307] -> "data/1/0/1/10107345/photos/54/37/10107345/1_788239806.jpg" [1]
2011-05-19 09:40:32 URL:http://photos-p.friendster.com/photos/54/37/10107345/1_930338163.jpg [43065/43065] -> "data/1/0/1/10107345/photos/54/37/10107345/1_930338163.jpg" [1]
2011-05-19 09:40:33 URL:http://www.friendster.com/viewphotos.php?a=911246209&uid=10107345&page=6 [31478] -> "data/1/0/1/10107345/photos_911246209_6.html" [1]
2011-05-19 09:40:33 URL:http://photos-p.friendster.com/photos/54/37/10107345/1_134326446.jpg [31956/31956] -> "data/1/0/1/10107345/photos/54/37/10107345/1_134326446.jpg" [1]
2011-05-19 09:40:33 URL:http://photos-p.friendster.com/photos/54/37/10107345/1_145213707.jpg [59563/59563] -> "data/1/0/1/10107345/photos/54/37/10107345/1_145213707.jpg" [1]
2011-05-19 09:40:34 URL:http://photos-p.friendster.com/photos/54/37/10107345/1_197309860.jpg [48361/48361] -> "data/1/0/1/10107345/photos/54/37/10107345/1_197309860.jpg" [1]
2011-05-19 09:40:34 URL:http://photos-p.friendster.com/photos/54/37/10107345/1_207537406.jpg [35336/35336] -> "data/1/0/1/10107345/photos/54/37/10107345/1_207537406.jpg" [1]
2011-05-19 09:40:34 URL:http://photos-p.friendster.com/photos/54/37/10107345/1_430797840.jpg [24499/24499] -> "data/1/0/1/10107345/photos/54/37/10107345/1_430797840.jpg" [1]
2011-05-19 09:40:34 URL:http://photos-p.friendster.com/photos/54/37/10107345/1_433683563.jpg [35383/35383] -> "data/1/0/1/10107345/photos/54/37/10107345/1_433683563.jpg" [1]
2011-05-19 09:40:34 URL:http://photos-p.friendster.com/photos/54/37/10107345/1_557266971.jpg [35459/35459] -> "data/1/0/1/10107345/photos/54/37/10107345/1_557266971.jpg" [1]
2011-05-19 09:40:35 URL:http://photos-p.friendster.com/photos/54/37/10107345/1_562055839.jpg [35227/35227] -> "data/1/0/1/10107345/photos/54/37/10107345/1_562055839.jpg" [1]
2011-05-19 09:40:35 URL:http://photos-p.friendster.com/photos/54/37/10107345/1_611404437.jpg [44376/44376] -> "data/1/0/1/10107345/photos/54/37/10107345/1_611404437.jpg" [1]
2011-05-19 09:40:35 URL:http://photos-p.friendster.com/photos/54/37/10107345/1_761800680.jpg [35336/35336] -> "data/1/0/1/10107345/photos/54/37/10107345/1_761800680.jpg" [1]
2011-05-19 09:40:35 URL:http://photos-p.friendster.com/photos/54/37/10107345/1_783521624.jpg [33800/33800] -> "data/1/0/1/10107345/photos/54/37/10107345/1_783521624.jpg" [1]
2011-05-19 09:40:35 URL:http://photos-p.friendster.com/photos/54/37/10107345/1_837224036.jpg [33871/33871] -> "data/1/0/1/10107345/photos/54/37/10107345/1_837224036.jpg" [1]
2011-05-19 09:40:36 URL:http://photos-p.friendster.com/photos/54/37/10107345/1_907395967.jpg [23421/23421] -> "data/1/0/1/10107345/photos/54/37/10107345/1_907395967.jpg" [1]
2011-05-19 09:40:36 URL:http://www.friendster.com/friends.php?uid=10107345&page=0 [59640] -> "data/1/0/1/10107345/friends_0.html" [1]
2011-05-19 09:40:37 URL:http://www.friendster.com/friends.php?uid=10107345&page=1 [59608] -> "data/1/0/1/10107345/friends_1.html" [1]
2011-05-19 09:40:38 URL:http://www.friendster.com/friends.php?uid=10107345&page=2 [59406] -> "data/1/0/1/10107345/friends_2.html" [1]
2011-05-19 09:40:38 URL:http://www.friendster.com/friends.php?uid=10107345&page=3 [59311] -> "data/1/0/1/10107345/friends_3.html" [1]
2011-05-19 09:40:39 URL:http://www.friendster.com/friends.php?uid=10107345&page=4 [59191] -> "data/1/0/1/10107345/friends_4.html" [1]
2011-05-19 09:40:40 URL:http://www.friendster.com/friends.php?uid=10107345&page=5 [59418] -> "data/1/0/1/10107345/friends_5.html" [1]
2011-05-19 09:40:41 URL:http://www.friendster.com/friends.php?uid=10107345&page=6 [59292] -> "data/1/0/1/10107345/friends_6.html" [1]
2011-05-19 09:40:41 URL:http://www.friendster.com/friends.php?uid=10107345&page=7 [59666] -> "data/1/0/1/10107345/friends_7.html" [1]
2011-05-19 09:40:42 URL:http://www.friendster.com/friends.php?uid=10107345&page=8 [59672] -> "data/1/0/1/10107345/friends_8.html" [1]
2011-05-19 09:40:42 URL:http://www.friendster.com/friends.php?uid=10107345&page=9 [59487] -> "data/1/0/1/10107345/friends_9.html" [1]
2011-05-19 09:40:44 URL:http://www.friendster.com/friends.php?uid=10107345&page=10 [60103] -> "data/1/0/1/10107345/friends_10.html" [1]
2011-05-19 09:40:44 URL:http://www.friendster.com/friends.php?uid=10107345&page=11 [37201] -> "data/1/0/1/10107345/friends_11.html" [1]
2011-05-19 09:40:45 URL:http://www.friendster.com/friends.php?uid=10107345&page=0&action=spusers [27304] -> "data/1/0/1/10107345/inverse_friends_0.html" [1]
0 redirections exceeded.
0 redirections exceeded.
2011-05-19 09:40:46 URL:http://www.friendster.com/comments.php?uid=10107345&page=0 [30989] -> "data/1/0/1/10107345/comments_0.html" [1]
2011-05-19 09:40:47 URL:http://www.friendster.com/comments.php?uid=10107345&page=1 [30591] -> "data/1/0/1/10107345/comments_1.html" [1]
2011-05-19 09:40:47 URL:http://www.friendster.com/comments.php?uid=10107345&page=2 [30210] -> "data/1/0/1/10107345/comments_2.html" [1]
2011-05-19 09:40:49 URL:http://www.friendster.com/comments.php?uid=10107345&page=3 [30803] -> "data/1/0/1/10107345/comments_3.html" [1]
2011-05-19 09:40:52 URL:http://www.friendster.com/comments.php?uid=10107345&page=4 [29841] -> "data/1/0/1/10107345/comments_4.html" [1]
2011-05-19 09:40:52 URL:http://www.friendster.com/comments.php?uid=10107345&page=5 [29944] -> "data/1/0/1/10107345/comments_5.html" [1]
2011-05-19 09:40:53 URL:http://www.friendster.com/comments.php?uid=10107345&page=6 [31166] -> "data/1/0/1/10107345/comments_6.html" [1]
2011-05-19 09:41:05 URL:http://www.friendster.com/comments.php?uid=10107345&page=7 [29972] -> "data/1/0/1/10107345/comments_7.html" [1]
2011-05-19 09:41:05 URL:http://www.friendster.com/comments.php?uid=10107345&page=8 [31336] -> "data/1/0/1/10107345/comments_8.html" [1]
2011-05-19 09:41:06 URL:http://www.friendster.com/comments.php?uid=10107345&page=9 [31214] -> "data/1/0/1/10107345/comments_9.html" [1]
2011-05-19 09:41:06 URL:http://www.friendster.com/comments.php?uid=10107345&page=10 [31955] -> "data/1/0/1/10107345/comments_10.html" [1]
2011-05-19 09:41:13 URL:http://www.friendster.com/comments.php?uid=10107345&page=11 [33144] -> "data/1/0/1/10107345/comments_11.html" [1]
2011-05-19 09:41:13 URL:http://www.friendster.com/comments.php?uid=10107345&page=12 [34749] -> "data/1/0/1/10107345/comments_12.html" [1]
2011-05-19 09:41:19 URL:http://www.friendster.com/comments.php?uid=10107345&page=13 [35960] -> "data/1/0/1/10107345/comments_13.html" [1]
2011-05-19 09:41:58 URL:http://www.friendster.com/comments.php?uid=10107345&page=14 [34091] -> "data/1/0/1/10107345/comments_14.html" [1]
2011-05-19 09:41:59 URL:http://www.friendster.com/comments.php?uid=10107345&page=15 [32588] -> "data/1/0/1/10107345/comments_15.html" [1]
2011-05-19 09:42:00 URL:http://www.friendster.com/comments.php?uid=10107345&page=16 [32940] -> "data/1/0/1/10107345/comments_16.html" [1]
2011-05-19 09:42:00 URL:http://www.friendster.com/comments.php?uid=10107345&page=17 [27696] -> "data/1/0/1/10107345/comments_17.html" [1]
2011-05-19 09:42:01 URL:http://www.friendster.com/shoutoutstream.php?uid=10107345&page=1 [28453] -> "data/1/0/1/10107345/shoutout_1.html" [1]
2011-05-19 09:42:01 URL:http://profiles.friendster.com/modules/module.php?uid=10107345&_pmr=&_pmmo=13 [314] -> "data/1/0/1/10107345/module_13.html" [1]
Last-modified header missing -- time-stamps turned off.
2011-05-19 09:42:02 URL:http://miguel11carlos.blog.friendster.com/ [5485] -> "data/1/0/1/10107345/blog/miguel11carlos.blog.friendster.com/index.html" [1]
2011-05-19 09:42:02 URL:http://miguel11carlos.blog.friendster.com/wp-content/themes/default/style.css [9639/9639] -> "data/1/0/1/10107345/blog/miguel11carlos.blog.friendster.com/wp-content/themes/default/style.css" [1]
http://miguel11carlos.blog.friendster.com/feed/:
2011-05-19 09:42:02 ERROR 404: Not Found.
Last-modified header missing -- time-stamps turned off.
2011-05-19 09:42:02 URL:http://miguel11carlos.blog.friendster.com/xmlrpc.php [42] -> "data/1/0/1/10107345/blog/miguel11carlos.blog.friendster.com/xmlrpc.php.html" [1]
2011-05-19 09:42:02 URL:http://miguel11carlos.blog.friendster.com/wp-content/themes/default/images/kubrickbgwide.jpg [1014/1014] -> "data/1/0/1/10107345/blog/miguel11carlos.blog.friendster.com/wp-content/themes/default/images/kubrickbgwide.jpg" [1]
Last-modified header missing -- time-stamps turned off.
2011-05-19 09:42:02 URL:http://miguel11carlos.blog.friendster.com/xmlrpc.php?rsd [942] -> "data/1/0/1/10107345/blog/miguel11carlos.blog.friendster.com/xmlrpc.php?rsd" [1]
2011-05-19 09:42:02 URL:http://miguel11carlos.blog.friendster.com/wp-includes/wlwmanifest.xml [1013/1013] -> "data/1/0/1/10107345/blog/miguel11carlos.blog.friendster.com/wp-includes/wlwmanifest.xml" [1]
2011-05-19 09:42:02 URL:http://miguel11carlos.blog.friendster.com/wp-content/mu-plugins/wp-recaptcha/recaptcha.css [1739/1739] -> "data/1/0/1/10107345/blog/miguel11carlos.blog.friendster.com/wp-content/mu-plugins/wp-recaptcha/recaptcha.css" [1]
2011-05-19 09:42:02 URL:http://miguel11carlos.blog.friendster.com/wp-content/plugins/css/friendster-albums-widget.css [791/791] -> "data/1/0/1/10107345/blog/miguel11carlos.blog.friendster.com/wp-content/plugins/css/friendster-albums-widget.css" [1]
2011-05-19 09:42:02 URL:http://miguel11carlos.blog.friendster.com/wp-content/plugins/css/friendster-aboutme-widget.css [619/619] -> "data/1/0/1/10107345/blog/miguel11carlos.blog.friendster.com/wp-content/plugins/css/friendster-aboutme-widget.css" [1]
Last-modified header missing -- time-stamps turned off.
2011-05-19 09:42:03 URL:http://miguel11carlos.blog.friendster.com/about/ [5516] -> "data/1/0/1/10107345/blog/miguel11carlos.blog.friendster.com/about/index.html" [1]
Last-modified header missing -- time-stamps turned off.
2011-05-19 09:42:09 URL:http://www.friendster.com/login.php?next=http%3A%2F%2Fwww.friendster.com%2Fblogs.php%3Faction%3Dedit [27611] -> "data/1/0/1/10107345/blog/miguel11carlos.blog.friendster.com/wp-login.php.html" [1]
http://miguel11carlos.blog.friendster.com/comments/feed/:
2011-05-19 09:42:09 ERROR 404: Not Found.
2011-05-19 09:42:09 URL:http://miguel11carlos.blog.friendster.com/wp-content/themes/default/images/kubrickbgcolor.jpg [556/556] -> "data/1/0/1/10107345/blog/miguel11carlos.blog.friendster.com/wp-content/themes/default/images/kubrickbgcolor.jpg" [1]
2011-05-19 09:42:10 URL:http://miguel11carlos.blog.friendster.com/wp-content/themes/default/images/kubrickheader.jpg [7868/7868] -> "data/1/0/1/10107345/blog/miguel11carlos.blog.friendster.com/wp-content/themes/default/images/kubrickheader.jpg" [1]
2011-05-19 09:42:10 URL:http://miguel11carlos.blog.friendster.com/wp-content/themes/default/images/kubrickfooter.jpg [2443/2443] -> "data/1/0/1/10107345/blog/miguel11carlos.blog.friendster.com/wp-content/themes/default/images/kubrickfooter.jpg" [1]
2011-05-19 09:42:10 URL:http://miguel11carlos.blog.friendster.com/wp-content/mu-plugins/wp-recaptcha/email.png [641/641] -> "data/1/0/1/10107345/blog/miguel11carlos.blog.friendster.com/wp-content/mu-plugins/wp-recaptcha/email.png" [1]
FINISHED --2011-05-19 09:42:10--
Downloaded: 15 files, 64K in 0s (122784 GB/s)
